<?xml version="1.0" encoding="UTF-8" ?>
<testsuite tests="38" failures="0" name="org.apache.tika.parser.html.HtmlParserTest" time="0.326" errors="0" skipped="1">
  <properties>
    <property name="java.runtime.name" value="Java(TM) SE Runtime Environment"/>
    <property name="sun.boot.library.path" value="/Library/Java/JavaVirtualMachines/jdk1.8.0_05.jdk/Contents/Home/jre/lib"/>
    <property name="java.vm.version" value="25.5-b02"/>
    <property name="gopherProxySet" value="false"/>
    <property name="java.vm.vendor" value="Oracle Corporation"/>
    <property name="java.vendor.url" value="http://java.oracle.com/"/>
    <property name="path.separator" value=":"/>
    <property name="guice.disable.misplaced.annotation.check" value="true"/>
    <property name="java.vm.name" value="Java HotSpot(TM) 64-Bit Server VM"/>
    <property name="file.encoding.pkg" value="sun.io"/>
    <property name="user.country" value="US"/>
    <property name="sun.java.launcher" value="SUN_STANDARD"/>
    <property name="sun.os.patch.level" value="unknown"/>
    <property name="java.vm.specification.name" value="Java Virtual Machine Specification"/>
    <property name="user.dir" value="/Users/fish/Praxa/TESSAR/var/tmp/tika-1.6/tika-parsers"/>
    <property name="java.runtime.version" value="1.8.0_05-b13"/>
    <property name="java.awt.graphicsenv" value="sun.awt.CGraphicsEnvironment"/>
    <property name="java.endorsed.dirs" value="/Library/Java/JavaVirtualMachines/jdk1.8.0_05.jdk/Contents/Home/jre/lib/endorsed"/>
    <property name="os.arch" value="x86_64"/>
    <property name="java.io.tmpdir" value="/var/folders/5h/k46wfdmx35s3dx5rb83490540000gp/T/"/>
    <property name="line.separator" value="
"/>
    <property name="java.vm.specification.vendor" value="Oracle Corporation"/>
    <property name="os.name" value="Mac OS X"/>
    <property name="classworlds.conf" value="/usr/local/Cellar/maven/3.2.3/libexec/bin/m2.conf"/>
    <property name="sun.jnu.encoding" value="UTF-8"/>
    <property name="java.library.path" value="/usr/local/Cellar/opencolorio/1.0.9/lib::/Users/fish/Library/Java/Extensions:/Library/Java/Extensions:/Network/Library/Java/Extensions:/System/Library/Java/Extensions:/usr/lib/java:."/>
    <property name="java.specification.name" value="Java Platform API Specification"/>
    <property name="java.class.version" value="52.0"/>
    <property name="sun.management.compiler" value="HotSpot 64-Bit Tiered Compilers"/>
    <property name="os.version" value="10.9.4"/>
    <property name="http.nonProxyHosts" value="local|*.local|169.254/16|*.169.254/16"/>
    <property name="user.home" value="/Users/fish"/>
    <property name="user.timezone" value="America/Los_Angeles"/>
    <property name="java.awt.printerjob" value="sun.lwawt.macosx.CPrinterJob"/>
    <property name="java.specification.version" value="1.8"/>
    <property name="file.encoding" value="UTF-8"/>
    <property name="user.name" value="fish"/>
    <property name="java.class.path" value="/usr/local/Cellar/maven/3.2.3/libexec/boot/plexus-classworlds-2.5.1.jar"/>
    <property name="java.vm.specification.version" value="1.8"/>
    <property name="sun.arch.data.model" value="64"/>
    <property name="java.home" value="/Library/Java/JavaVirtualMachines/jdk1.8.0_05.jdk/Contents/Home/jre"/>
    <property name="sun.java.command" value="org.codehaus.plexus.classworlds.launcher.Launcher clean install"/>
    <property name="java.specification.vendor" value="Oracle Corporation"/>
    <property name="user.language" value="en"/>
    <property name="awt.toolkit" value="sun.lwawt.macosx.LWCToolkit"/>
    <property name="java.vm.info" value="mixed mode"/>
    <property name="java.version" value="1.8.0_05"/>
    <property name="java.ext.dirs" value="/Users/fish/Library/Java/Extensions:/Library/Java/JavaVirtualMachines/jdk1.8.0_05.jdk/Contents/Home/jre/lib/ext:/Library/Java/Extensions:/Network/Library/Java/Extensions:/System/Library/Java/Extensions:/usr/lib/java"/>
    <property name="sun.boot.class.path" value="/Library/Java/JavaVirtualMachines/jdk1.8.0_05.jdk/Contents/Home/jre/lib/resources.jar:/Library/Java/JavaVirtualMachines/jdk1.8.0_05.jdk/Contents/Home/jre/lib/rt.jar:/Library/Java/JavaVirtualMachines/jdk1.8.0_05.jdk/Contents/Home/jre/lib/sunrsasign.jar:/Library/Java/JavaVirtualMachines/jdk1.8.0_05.jdk/Contents/Home/jre/lib/jsse.jar:/Library/Java/JavaVirtualMachines/jdk1.8.0_05.jdk/Contents/Home/jre/lib/jce.jar:/Library/Java/JavaVirtualMachines/jdk1.8.0_05.jdk/Contents/Home/jre/lib/charsets.jar:/Library/Java/JavaVirtualMachines/jdk1.8.0_05.jdk/Contents/Home/jre/lib/jfr.jar:/Library/Java/JavaVirtualMachines/jdk1.8.0_05.jdk/Contents/Home/jre/classes"/>
    <property name="java.vendor" value="Oracle Corporation"/>
    <property name="maven.home" value="/usr/local/Cellar/maven/3.2.3/libexec"/>
    <property name="file.separator" value="/"/>
    <property name="java.vendor.url.bug" value="http://bugreport.sun.com/bugreport/"/>
    <property name="sun.cpu.endian" value="little"/>
    <property name="sun.io.unicode.encoding" value="UnicodeBig"/>
    <property name="socksNonProxyHosts" value="local|*.local|169.254/16|*.169.254/16"/>
    <property name="ftp.nonProxyHosts" value="local|*.local|169.254/16|*.169.254/16"/>
    <property name="sun.cpu.isalist" value=""/>
  </properties>
  <testcase classname="org.apache.tika.parser.html.HtmlParserTest" name="testHttpEquivCharset" time="0.002"/>
  <testcase classname="org.apache.tika.parser.html.HtmlParserTest" name="testUserDefinedCharset" time="0.095"/>
  <testcase classname="org.apache.tika.parser.html.HtmlParserTest" name="testCharactersDirectlyUnderBodyElement" time="0.005"/>
  <testcase classname="org.apache.tika.parser.html.HtmlParserTest" name="testBoilerplateWhitespace" time="0.035"/>
  <testcase classname="org.apache.tika.parser.html.HtmlParserTest" name="testPushback" time="0.013"/>
  <testcase classname="org.apache.tika.parser.html.HtmlParserTest" name="testAreaExtraction" time="0.059"/>
  <testcase classname="org.apache.tika.parser.html.HtmlParserTest" name="testParseAscii" time="0.003"/>
  <testcase classname="org.apache.tika.parser.html.HtmlParserTest" name="testParseEmpty" time="0.002"/>
  <testcase classname="org.apache.tika.parser.html.HtmlParserTest" name="testUsingFunkyCharsetInContentTypeHeader" time="0.001"/>
  <testcase classname="org.apache.tika.parser.html.HtmlParserTest" name="testIdentityMapper" time="0.012"/>
  <testcase classname="org.apache.tika.parser.html.HtmlParserTest" name="testOpenGraphMetadata" time="0"/>
  <testcase classname="org.apache.tika.parser.html.HtmlParserTest" name="testFrameSrcExtraction" time="0.001"/>
  <testcase classname="org.apache.tika.parser.html.HtmlParserTest" name="testObjectExtraction" time="0"/>
  <testcase classname="org.apache.tika.parser.html.HtmlParserTest" name="testUsingCharsetInContentTypeHeader" time="0"/>
  <testcase classname="org.apache.tika.parser.html.HtmlParserTest" name="testBrokenFrameset" time="0"/>
  <testcase classname="org.apache.tika.parser.html.HtmlParserTest" name="testMetaHttpEquivWithLotsOfPreambleText" time="0.041"/>
  <testcase classname="org.apache.tika.parser.html.HtmlParserTest" name="testNewlineAndIndent" time="0"/>
  <testcase classname="org.apache.tika.parser.html.HtmlParserTest" name="testLineBreak" time="0"/>
  <testcase classname="org.apache.tika.parser.html.HtmlParserTest" name="testBaseHref" time="0"/>
  <testcase classname="org.apache.tika.parser.html.HtmlParserTest" name="testBoilerplateDelegation" time="0.013"/>
  <testcase classname="org.apache.tika.parser.html.HtmlParserTest" name="testWhitespaceBetweenTableCells" time="0"/>
  <testcase classname="org.apache.tika.parser.html.HtmlParserTest" name="testHttpEquivCharsetFunkyAttributes" time="0"/>
  <testcase classname="org.apache.tika.parser.html.HtmlParserTest" name="testNoisyMetaCharsetHeaders" time="0.012"/>
  <testcase classname="org.apache.tika.parser.html.HtmlParserTest" name="testBoilerplateWithMarkup" time="0.003"/>
  <testcase classname="org.apache.tika.parser.html.HtmlParserTest" name="testLocator" time="0.006"/>
  <testcase classname="org.apache.tika.parser.html.HtmlParserTest" name="testFirstTitleValueisSetToMetadata" time="0"/>
  <testcase classname="org.apache.tika.parser.html.HtmlParserTest" name="testBoilerplateRemoval" time="0"/>
  <testcase classname="org.apache.tika.parser.html.HtmlParserTest" name="testIgnoreCharsetDetectorLanguage" time="0.001"/>
  <testcase classname="org.apache.tika.parser.html.HtmlParserTest" name="testXhtmlParsing" time="0.011"/>
  <testcase classname="org.apache.tika.parser.html.HtmlParserTest" name="testDetectOfCharset" time="0"/>
  <testcase classname="org.apache.tika.parser.html.HtmlParserTest" name="testElementOrdering" time="0"/>
  <testcase classname="org.apache.tika.parser.html.HtmlParserTest" name="testLinkHrefResolution" time="0"/>
  <testcase classname="org.apache.tika.parser.html.HtmlParserTest" name="testCustomHtmlSchema" time="0.004"/>
  <testcase classname="org.apache.tika.parser.html.HtmlParserTest" name="XtestParseUTF8" time="0.004">
    <skipped message="The file &apos;testXHTML_utf8.html&apos; is not available fo testing"/>
  </testcase>
  <testcase classname="org.apache.tika.parser.html.HtmlParserTest" name="testMetaTagHandling" time="0.003"/>
  <testcase classname="org.apache.tika.parser.html.HtmlParserTest" name="testIFrameSrcExtraction" time="0"/>
  <testcase classname="org.apache.tika.parser.html.HtmlParserTest" name="testHtml5Charset" time="0"/>
  <testcase classname="org.apache.tika.parser.html.HtmlParserTest" name="testImgUrlExtraction" time="0"/>
</testsuite>